<?xml version="1.0" encoding="UTF-8"?>
<!-- Generated by org.testng.reporters.JUnitReportReporter -->
<testsuite hostname="LAPTOP-EVN0A8MU" failures="0" tests="1" name="com.ITSM.qa.testcases.CreatTicketPageTest" time="11.211" errors="0" timestamp="2022-09-07T21:17:44 IST" skipped="0">
  <testcase classname="com.ITSM.qa.testcases.CreatTicketPageTest" name="CreateTicket" time="11.211"/>
  <system-out/>
</testsuite> <!-- com.ITSM.qa.testcases.CreatTicketPageTest -->
