<?xml version="1.0" encoding="UTF-8"?>
<!-- Generated by org.testng.reporters.JUnitReportReporter -->
<testsuite hostname="LAPTOP-EVN0A8MU" failures="0" tests="1" name="com.ITSM.qa.testcases.HomePageTest" time="8.478" errors="0" timestamp="2022-08-26T19:21:23 IST" skipped="0">
  <testcase classname="com.ITSM.qa.testcases.HomePageTest" name="AddTicket" time="8.478"/>
  <system-out/>
</testsuite> <!-- com.ITSM.qa.testcases.HomePageTest -->
