<?xml version="1.0" encoding="UTF-8"?>
<!-- Generated by org.testng.reporters.JUnitReportReporter -->
<testsuite hostname="LAPTOP-EVN0A8MU" failures="0" tests="1" name="com.ITSM.qa.testcases.CreatTicketPageTest" time="10.414" errors="0" timestamp="2022-09-08T10:58:00 IST" skipped="0">
  <testcase classname="com.ITSM.qa.testcases.CreatTicketPageTest" name="CreateTicket" time="10.414"/>
  <system-out/>
</testsuite> <!-- com.ITSM.qa.testcases.CreatTicketPageTest -->
