<?xml version="1.0" encoding="UTF-8"?>
<!-- Generated by org.testng.reporters.JUnitReportReporter -->
<testsuite skipped="0" hostname="LAPTOP-EVN0A8MU" name="com.ITSM.qa.testcases.CreatTicketPageTest" tests="1" failures="0" timestamp="2022-08-26T22:03:09 IST" time="11.682" errors="0">
  <testcase name="CreateTicket" time="11.682" classname="com.ITSM.qa.testcases.CreatTicketPageTest"/>
  <system-out/>
</testsuite> <!-- com.ITSM.qa.testcases.CreatTicketPageTest -->
