<?xml version="1.0" encoding="UTF-8"?>
<!-- Generated by org.testng.reporters.JUnitReportReporter -->
<testsuite skipped="0" hostname="LAPTOP-EVN0A8MU" name="com.ITSM.qa.testcases.HomePageTest" tests="1" failures="0" timestamp="2022-08-26T22:03:09 IST" time="13.698" errors="0">
  <testcase name="AddTicket" time="13.698" classname="com.ITSM.qa.testcases.HomePageTest"/>
  <system-out/>
</testsuite> <!-- com.ITSM.qa.testcases.HomePageTest -->
