<?xml version="1.0" encoding="UTF-8"?>
<!-- Generated by org.testng.reporters.JUnitReportReporter -->
<testsuite skipped="0" hostname="LAPTOP-EVN0A8MU" name="com.ITSM.qa.testcases.LogInPageTest" tests="1" failures="0" timestamp="2022-08-19T23:24:27 IST" time="7.817" errors="0">
  <testcase name="loginTest" time="7.817" classname="com.ITSM.qa.testcases.LogInPageTest"/>
  <system-out/>
</testsuite> <!-- com.ITSM.qa.testcases.LogInPageTest -->
